{"/Users/argenisjosegonzalezgarcia/Documents/think-us-backend/src/constants/roles.js": {"path":"/Users/argenisjosegonzalezgarcia/Documents/think-us-backend/src/constants/roles.js","statementMap":{"0":{"start":{"line":1,"column":14},"end":{"line":4,"column":1}},"1":{"start":{"line":6,"column":0},"end":{"line":6,"column":27}}},"fnMap":{},"branchMap":{},"s":{"0":2,"1":2},"f":{},"b":{},"_coverageSchema":"1a1c01bbd47fc00a2c39e90264f33305004495a9","hash":"bd1a85aad20f7033fe041128528ac44bbd4b0fd7"}
,"/Users/argenisjosegonzalezgarcia/Documents/think-us-backend/src/constants/solicitud.js": {"path":"/Users/argenisjosegonzalezgarcia/Documents/think-us-backend/src/constants/solicitud.js","statementMap":{"0":{"start":{"line":1,"column":25},"end":{"line":5,"column":1}},"1":{"start":{"line":7,"column":0},"end":{"line":7,"column":38}}},"fnMap":{},"branchMap":{},"s":{"0":2,"1":2},"f":{},"b":{},"_coverageSchema":"1a1c01bbd47fc00a2c39e90264f33305004495a9","hash":"c636c03527f27dd50293033d47e069f5a1ea7494"}
,"/Users/argenisjosegonzalezgarcia/Documents/think-us-backend/src/controllers/auth.controller.js": {"path":"/Users/argenisjosegonzalezgarcia/Documents/think-us-backend/src/controllers/auth.controller.js","statementMap":{"0":{"start":{"line":1,"column":23},"end":{"line":1,"column":43}},"1":{"start":{"line":2,"column":26},"end":{"line":2,"column":49}},"2":{"start":{"line":3,"column":18},"end":{"line":3,"column":47}},"3":{"start":{"line":4,"column":18},"end":{"line":4,"column":38}},"4":{"start":{"line":7,"column":2},"end":{"line":92,"column":3}},"5":{"start":{"line":8,"column":53},"end":{"line":8,"column":61}},"6":{"start":{"line":10,"column":4},"end":{"line":15,"column":5}},"7":{"start":{"line":11,"column":6},"end":{"line":11,"column":65}},"8":{"start":{"line":12,"column":6},"end":{"line":14,"column":8}},"9":{"start":{"line":17,"column":4},"end":{"line":20,"column":5}},"10":{"start":{"line":18,"column":6},"end":{"line":18,"column":65}},"11":{"start":{"line":19,"column":6},"end":{"line":19,"column":66}},"12":{"start":{"line":22,"column":4},"end":{"line":29,"column":5}},"13":{"start":{"line":23,"column":6},"end":{"line":23,"column":65}},"14":{"start":{"line":24,"column":6},"end":{"line":28,"column":8}},"15":{"start":{"line":31,"column":27},"end":{"line":31,"column":58}},"16":{"start":{"line":33,"column":25},"end":{"line":35,"column":6}},"17":{"start":{"line":36,"column":4},"end":{"line":39,"column":5}},"18":{"start":{"line":37,"column":6},"end":{"line":37,"column":65}},"19":{"start":{"line":38,"column":6},"end":{"line":38,"column":79}},"20":{"start":{"line":41,"column":17},"end":{"line":49,"column":6}},"21":{"start":{"line":51,"column":25},"end":{"line":53,"column":6}},"22":{"start":{"line":54,"column":4},"end":{"line":56,"column":5}},"23":{"start":{"line":55,"column":6},"end":{"line":55,"column":42}},"24":{"start":{"line":58,"column":26},"end":{"line":68,"column":6}},"25":{"start":{"line":70,"column":18},"end":{"line":73,"column":6}},"26":{"start":{"line":75,"column":4},"end":{"line":75,"column":63}},"27":{"start":{"line":76,"column":4},"end":{"line":88,"column":6}},"28":{"start":{"line":85,"column":48},"end":{"line":85,"column":54}},"29":{"start":{"line":90,"column":4},"end":{"line":90,"column":63}},"30":{"start":{"line":91,"column":4},"end":{"line":91,"column":54}},"31":{"start":{"line":96,"column":2},"end":{"line":163,"column":3}},"32":{"start":{"line":97,"column":32},"end":{"line":97,"column":40}},"33":{"start":{"line":99,"column":4},"end":{"line":104,"column":5}},"34":{"start":{"line":100,"column":6},"end":{"line":100,"column":65}},"35":{"start":{"line":101,"column":6},"end":{"line":103,"column":8}},"36":{"start":{"line":106,"column":4},"end":{"line":109,"column":5}},"37":{"start":{"line":107,"column":6},"end":{"line":107,"column":65}},"38":{"start":{"line":108,"column":6},"end":{"line":108,"column":66}},"39":{"start":{"line":111,"column":27},"end":{"line":111,"column":58}},"40":{"start":{"line":113,"column":17},"end":{"line":123,"column":6}},"41":{"start":{"line":125,"column":4},"end":{"line":128,"column":5}},"42":{"start":{"line":126,"column":6},"end":{"line":126,"column":65}},"43":{"start":{"line":127,"column":6},"end":{"line":127,"column":74}},"44":{"start":{"line":130,"column":28},"end":{"line":130,"column":61}},"45":{"start":{"line":131,"column":4},"end":{"line":134,"column":5}},"46":{"start":{"line":132,"column":6},"end":{"line":132,"column":65}},"47":{"start":{"line":133,"column":6},"end":{"line":133,"column":74}},"48":{"start":{"line":136,"column":4},"end":{"line":139,"column":5}},"49":{"start":{"line":137,"column":6},"end":{"line":137,"column":65}},"50":{"start":{"line":138,"column":6},"end":{"line":138,"column":68}},"51":{"start":{"line":141,"column":18},"end":{"line":144,"column":6}},"52":{"start":{"line":146,"column":4},"end":{"line":146,"column":63}},"53":{"start":{"line":147,"column":4},"end":{"line":159,"column":6}},"54":{"start":{"line":156,"column":39},"end":{"line":156,"column":45}},"55":{"start":{"line":161,"column":4},"end":{"line":161,"column":63}},"56":{"start":{"line":162,"column":4},"end":{"line":162,"column":54}},"57":{"start":{"line":166,"column":0},"end":{"line":169,"column":2}}},"fnMap":{"0":{"name":"register","decl":{"start":{"line":6,"column":15},"end":{"line":6,"column":23}},"loc":{"start":{"line":6,"column":34},"end":{"line":93,"column":1}},"line":6},"1":{"name":"(anonymous_1)","decl":{"start":{"line":85,"column":41},"end":{"line":85,"column":42}},"loc":{"start":{"line":85,"column":48},"end":{"line":85,"column":54}},"line":85},"2":{"name":"login","decl":{"start":{"line":95,"column":15},"end":{"line":95,"column":20}},"loc":{"start":{"line":95,"column":31},"end":{"line":164,"column":1}},"line":95},"3":{"name":"(anonymous_3)","decl":{"start":{"line":156,"column":32},"end":{"line":156,"column":33}},"loc":{"start":{"line":156,"column":39},"end":{"line":156,"column":45}},"line":156}},"branchMap":{"0":{"loc":{"start":{"line":10,"column":4},"end":{"line":15,"column":5}},"type":"if","locations":[{"start":{"line":10,"column":4},"end":{"line":15,"column":5}},{"start":{},"end":{}}],"line":10},"1":{"loc":{"start":{"line":10,"column":8},"end":{"line":10,"column":54}},"type":"binary-expr","locations":[{"start":{"line":10,"column":8},"end":{"line":10,"column":14}},{"start":{"line":10,"column":18},"end":{"line":10,"column":27}},{"start":{"line":10,"column":31},"end":{"line":10,"column":41}},{"start":{"line":10,"column":45},"end":{"line":10,"column":54}}],"line":10},"2":{"loc":{"start":{"line":17,"column":4},"end":{"line":20,"column":5}},"type":"if","locations":[{"start":{"line":17,"column":4},"end":{"line":20,"column":5}},{"start":{},"end":{}}],"line":17},"3":{"loc":{"start":{"line":22,"column":4},"end":{"line":29,"column":5}},"type":"if","locations":[{"start":{"line":22,"column":4},"end":{"line":29,"column":5}},{"start":{},"end":{}}],"line":22},"4":{"loc":{"start":{"line":36,"column":4},"end":{"line":39,"column":5}},"type":"if","locations":[{"start":{"line":36,"column":4},"end":{"line":39,"column":5}},{"start":{},"end":{}}],"line":36},"5":{"loc":{"start":{"line":54,"column":4},"end":{"line":56,"column":5}},"type":"if","locations":[{"start":{"line":54,"column":4},"end":{"line":56,"column":5}},{"start":{},"end":{}}],"line":54},"6":{"loc":{"start":{"line":99,"column":4},"end":{"line":104,"column":5}},"type":"if","locations":[{"start":{"line":99,"column":4},"end":{"line":104,"column":5}},{"start":{},"end":{}}],"line":99},"7":{"loc":{"start":{"line":99,"column":8},"end":{"line":99,"column":27}},"type":"binary-expr","locations":[{"start":{"line":99,"column":8},"end":{"line":99,"column":14}},{"start":{"line":99,"column":18},"end":{"line":99,"column":27}}],"line":99},"8":{"loc":{"start":{"line":106,"column":4},"end":{"line":109,"column":5}},"type":"if","locations":[{"start":{"line":106,"column":4},"end":{"line":109,"column":5}},{"start":{},"end":{}}],"line":106},"9":{"loc":{"start":{"line":125,"column":4},"end":{"line":128,"column":5}},"type":"if","locations":[{"start":{"line":125,"column":4},"end":{"line":128,"column":5}},{"start":{},"end":{}}],"line":125},"10":{"loc":{"start":{"line":131,"column":4},"end":{"line":134,"column":5}},"type":"if","locations":[{"start":{"line":131,"column":4},"end":{"line":134,"column":5}},{"start":{},"end":{}}],"line":131},"11":{"loc":{"start":{"line":136,"column":4},"end":{"line":139,"column":5}},"type":"if","locations":[{"start":{"line":136,"column":4},"end":{"line":139,"column":5}},{"start":{},"end":{}}],"line":136}},"s":{"0":1,"1":1,"2":1,"3":1,"4":4,"5":4,"6":4,"7":1,"8":1,"9":3,"10":1,"11":1,"12":2,"13":0,"14":0,"15":2,"16":2,"17":2,"18":1,"19":1,"20":1,"21":1,"22":1,"23":1,"24":1,"25":1,"26":1,"27":1,"28":1,"29":0,"30":0,"31":3,"32":3,"33":3,"34":0,"35":0,"36":3,"37":0,"38":0,"39":3,"40":3,"41":3,"42":1,"43":1,"44":2,"45":2,"46":1,"47":1,"48":1,"49":0,"50":0,"51":1,"52":1,"53":1,"54":0,"55":0,"56":0,"57":1},"f":{"0":4,"1":1,"2":3,"3":0},"b":{"0":[1,3],"1":[4,4,3,3],"2":[1,2],"3":[0,2],"4":[1,1],"5":[1,0],"6":[0,3],"7":[3,3],"8":[0,3],"9":[1,2],"10":[1,1],"11":[0,1]},"_coverageSchema":"1a1c01bbd47fc00a2c39e90264f33305004495a9","hash":"24da0166f3e447dacf1ed72da41d01d2436a5659"}
,"/Users/argenisjosegonzalezgarcia/Documents/think-us-backend/src/database/db.js": {"path":"/Users/argenisjosegonzalezgarcia/Documents/think-us-backend/src/database/db.js","statementMap":{"0":{"start":{"line":1,"column":0},"end":{"line":1,"column":27}},"1":{"start":{"line":2,"column":22},"end":{"line":2,"column":42}},"2":{"start":{"line":3,"column":11},"end":{"line":3,"column":24}},"3":{"start":{"line":5,"column":17},"end":{"line":5,"column":45}},"4":{"start":{"line":6,"column":15},"end":{"line":6,"column":46}},"5":{"start":{"line":10,"column":0},"end":{"line":30,"column":1}},"6":{"start":{"line":12,"column":2},"end":{"line":15,"column":5}},"7":{"start":{"line":18,"column":15},"end":{"line":18,"column":67}},"8":{"start":{"line":20,"column":2},"end":{"line":29,"column":4}},"9":{"start":{"line":33,"column":2},"end":{"line":39,"column":3}},"10":{"start":{"line":34,"column":4},"end":{"line":34,"column":35}},"11":{"start":{"line":35,"column":4},"end":{"line":35,"column":50}},"12":{"start":{"line":37,"column":4},"end":{"line":37,"column":55}},"13":{"start":{"line":38,"column":4},"end":{"line":38,"column":20}},"14":{"start":{"line":42,"column":0},"end":{"line":42,"column":42}}},"fnMap":{"0":{"name":"connectDB","decl":{"start":{"line":32,"column":15},"end":{"line":32,"column":24}},"loc":{"start":{"line":32,"column":27},"end":{"line":40,"column":1}},"line":32}},"branchMap":{"0":{"loc":{"start":{"line":10,"column":0},"end":{"line":30,"column":1}},"type":"if","locations":[{"start":{"line":10,"column":0},"end":{"line":30,"column":1}},{"start":{"line":16,"column":7},"end":{"line":30,"column":1}}],"line":10},"1":{"loc":{"start":{"line":18,"column":15},"end":{"line":18,"column":67}},"type":"cond-expr","locations":[{"start":{"line":18,"column":26},"end":{"line":18,"column":30}},{"start":{"line":18,"column":33},"end":{"line":18,"column":67}}],"line":18},"2":{"loc":{"start":{"line":18,"column":33},"end":{"line":18,"column":67}},"type":"binary-expr","locations":[{"start":{"line":18,"column":33},"end":{"line":18,"column":52}},{"start":{"line":18,"column":56},"end":{"line":18,"column":67}}],"line":18}},"s":{"0":2,"1":2,"2":2,"3":2,"4":2,"5":2,"6":2,"7":0,"8":0,"9":0,"10":0,"11":0,"12":0,"13":0,"14":2},"f":{"0":0},"b":{"0":[2,0],"1":[0,0],"2":[0,0]},"_coverageSchema":"1a1c01bbd47fc00a2c39e90264f33305004495a9","hash":"a074db77caec5fa46afbc26202c472328160a4e5"}
,"/Users/argenisjosegonzalezgarcia/Documents/think-us-backend/src/middleware/auth.middleware.js": {"path":"/Users/argenisjosegonzalezgarcia/Documents/think-us-backend/src/middleware/auth.middleware.js","statementMap":{"0":{"start":{"line":1,"column":24},"end":{"line":1,"column":47}},"1":{"start":{"line":2,"column":23},"end":{"line":2,"column":43}},"2":{"start":{"line":5,"column":21},"end":{"line":5,"column":49}},"3":{"start":{"line":7,"column":2},"end":{"line":9,"column":3}},"4":{"start":{"line":8,"column":4},"end":{"line":8,"column":46}},"5":{"start":{"line":11,"column":16},"end":{"line":11,"column":40}},"6":{"start":{"line":13,"column":2},"end":{"line":15,"column":3}},"7":{"start":{"line":14,"column":4},"end":{"line":14,"column":49}},"8":{"start":{"line":17,"column":18},"end":{"line":17,"column":36}},"9":{"start":{"line":19,"column":15},"end":{"line":28,"column":4}},"10":{"start":{"line":30,"column":2},"end":{"line":32,"column":3}},"11":{"start":{"line":31,"column":4},"end":{"line":31,"column":45}},"12":{"start":{"line":34,"column":2},"end":{"line":36,"column":3}},"13":{"start":{"line":35,"column":4},"end":{"line":35,"column":40}},"14":{"start":{"line":38,"column":2},"end":{"line":42,"column":4}},"15":{"start":{"line":41,"column":33},"end":{"line":41,"column":39}},"16":{"start":{"line":44,"column":2},"end":{"line":44,"column":18}},"17":{"start":{"line":48,"column":2},"end":{"line":57,"column":4}},"18":{"start":{"line":49,"column":4},"end":{"line":49,"column":28}},"19":{"start":{"line":51,"column":22},"end":{"line":51,"column":36}},"20":{"start":{"line":52,"column":26},"end":{"line":52,"column":79}},"21":{"start":{"line":52,"column":54},"end":{"line":52,"column":78}},"22":{"start":{"line":54,"column":4},"end":{"line":56,"column":5}},"23":{"start":{"line":55,"column":6},"end":{"line":55,"column":61}},"24":{"start":{"line":60,"column":0},"end":{"line":63,"column":2}}},"fnMap":{"0":{"name":"authenticate","decl":{"start":{"line":4,"column":15},"end":{"line":4,"column":27}},"loc":{"start":{"line":4,"column":33},"end":{"line":45,"column":1}},"line":4},"1":{"name":"(anonymous_1)","decl":{"start":{"line":41,"column":26},"end":{"line":41,"column":27}},"loc":{"start":{"line":41,"column":33},"end":{"line":41,"column":39}},"line":41},"2":{"name":"authorize","decl":{"start":{"line":47,"column":9},"end":{"line":47,"column":18}},"loc":{"start":{"line":47,"column":36},"end":{"line":58,"column":1}},"line":47},"3":{"name":"(anonymous_3)","decl":{"start":{"line":48,"column":9},"end":{"line":48,"column":10}},"loc":{"start":{"line":48,"column":24},"end":{"line":57,"column":3}},"line":48},"4":{"name":"(anonymous_4)","decl":{"start":{"line":52,"column":44},"end":{"line":52,"column":45}},"loc":{"start":{"line":52,"column":54},"end":{"line":52,"column":78}},"line":52}},"branchMap":{"0":{"loc":{"start":{"line":7,"column":2},"end":{"line":9,"column":3}},"type":"if","locations":[{"start":{"line":7,"column":2},"end":{"line":9,"column":3}},{"start":{},"end":{}}],"line":7},"1":{"loc":{"start":{"line":13,"column":2},"end":{"line":15,"column":3}},"type":"if","locations":[{"start":{"line":13,"column":2},"end":{"line":15,"column":3}},{"start":{},"end":{}}],"line":13},"2":{"loc":{"start":{"line":30,"column":2},"end":{"line":32,"column":3}},"type":"if","locations":[{"start":{"line":30,"column":2},"end":{"line":32,"column":3}},{"start":{},"end":{}}],"line":30},"3":{"loc":{"start":{"line":34,"column":2},"end":{"line":36,"column":3}},"type":"if","locations":[{"start":{"line":34,"column":2},"end":{"line":36,"column":3}},{"start":{},"end":{}}],"line":34},"4":{"loc":{"start":{"line":54,"column":4},"end":{"line":56,"column":5}},"type":"if","locations":[{"start":{"line":54,"column":4},"end":{"line":56,"column":5}},{"start":{},"end":{}}],"line":54}},"s":{"0":1,"1":1,"2":7,"3":7,"4":1,"5":6,"6":6,"7":0,"8":6,"9":5,"10":5,"11":0,"12":5,"13":1,"14":4,"15":4,"16":4,"17":3,"18":3,"19":3,"20":3,"21":3,"22":3,"23":1,"24":1},"f":{"0":7,"1":4,"2":3,"3":3,"4":3},"b":{"0":[1,6],"1":[0,6],"2":[0,5],"3":[1,4],"4":[1,2]},"_coverageSchema":"1a1c01bbd47fc00a2c39e90264f33305004495a9","hash":"06ef40a6f39e3285b22a0160016b7f9ca4f825e9"}
,"/Users/argenisjosegonzalezgarcia/Documents/think-us-backend/src/models/employee.model.js": {"path":"/Users/argenisjosegonzalezgarcia/Documents/think-us-backend/src/models/employee.model.js","statementMap":{"0":{"start":{"line":1,"column":29},"end":{"line":1,"column":49}},"1":{"start":{"line":2,"column":22},"end":{"line":2,"column":47}},"2":{"start":{"line":6,"column":0},"end":{"line":19,"column":2}},"3":{"start":{"line":21,"column":0},"end":{"line":21,"column":26}}},"fnMap":{},"branchMap":{},"s":{"0":2,"1":2,"2":2,"3":2},"f":{},"b":{},"_coverageSchema":"1a1c01bbd47fc00a2c39e90264f33305004495a9","hash":"fde6f0453e5a9d698772d140f04b74490e571c0a"}
,"/Users/argenisjosegonzalezgarcia/Documents/think-us-backend/src/models/index.js": {"path":"/Users/argenisjosegonzalezgarcia/Documents/think-us-backend/src/models/index.js","statementMap":{"0":{"start":{"line":1,"column":22},"end":{"line":1,"column":47}},"1":{"start":{"line":2,"column":13},"end":{"line":2,"column":36}},"2":{"start":{"line":3,"column":13},"end":{"line":3,"column":36}},"3":{"start":{"line":4,"column":17},"end":{"line":4,"column":44}},"4":{"start":{"line":5,"column":17},"end":{"line":5,"column":44}},"5":{"start":{"line":6,"column":18},"end":{"line":6,"column":46}},"6":{"start":{"line":8,"column":0},"end":{"line":12,"column":3}},"7":{"start":{"line":14,"column":0},"end":{"line":18,"column":3}},"8":{"start":{"line":20,"column":0},"end":{"line":24,"column":3}},"9":{"start":{"line":26,"column":0},"end":{"line":29,"column":3}},"10":{"start":{"line":31,"column":0},"end":{"line":38,"column":2}}},"fnMap":{},"branchMap":{},"s":{"0":2,"1":2,"2":2,"3":2,"4":2,"5":2,"6":2,"7":2,"8":2,"9":2,"10":2},"f":{},"b":{},"_coverageSchema":"1a1c01bbd47fc00a2c39e90264f33305004495a9","hash":"b0172446b41792730e23e3863070395cc6c52cb5"}
,"/Users/argenisjosegonzalezgarcia/Documents/think-us-backend/src/models/role.model.js": {"path":"/Users/argenisjosegonzalezgarcia/Documents/think-us-backend/src/models/role.model.js","statementMap":{"0":{"start":{"line":1,"column":29},"end":{"line":1,"column":49}},"1":{"start":{"line":2,"column":22},"end":{"line":2,"column":47}},"2":{"start":{"line":6,"column":0},"end":{"line":16,"column":2}},"3":{"start":{"line":18,"column":0},"end":{"line":18,"column":22}}},"fnMap":{},"branchMap":{},"s":{"0":2,"1":2,"2":2,"3":2},"f":{},"b":{},"_coverageSchema":"1a1c01bbd47fc00a2c39e90264f33305004495a9","hash":"c80034bb946f27d55713f57b4e14419ca39b20b5"}
,"/Users/argenisjosegonzalezgarcia/Documents/think-us-backend/src/models/solicitud.model.js": {"path":"/Users/argenisjosegonzalezgarcia/Documents/think-us-backend/src/models/solicitud.model.js","statementMap":{"0":{"start":{"line":1,"column":29},"end":{"line":1,"column":49}},"1":{"start":{"line":2,"column":22},"end":{"line":2,"column":47}},"2":{"start":{"line":3,"column":29},"end":{"line":3,"column":62}},"3":{"start":{"line":7,"column":0},"end":{"line":34,"column":2}},"4":{"start":{"line":36,"column":0},"end":{"line":36,"column":27}}},"fnMap":{},"branchMap":{},"s":{"0":2,"1":2,"2":2,"3":2,"4":2},"f":{},"b":{},"_coverageSchema":"1a1c01bbd47fc00a2c39e90264f33305004495a9","hash":"7f981c2b19fc10243c6b15c146fb9432c52c492c"}
,"/Users/argenisjosegonzalezgarcia/Documents/think-us-backend/src/models/user.model.js": {"path":"/Users/argenisjosegonzalezgarcia/Documents/think-us-backend/src/models/user.model.js","statementMap":{"0":{"start":{"line":1,"column":29},"end":{"line":1,"column":49}},"1":{"start":{"line":2,"column":15},"end":{"line":2,"column":32}},"2":{"start":{"line":3,"column":22},"end":{"line":3,"column":47}},"3":{"start":{"line":7,"column":4},"end":{"line":7,"column":51}},"4":{"start":{"line":11,"column":4},"end":{"line":12,"column":42}},"5":{"start":{"line":12,"column":6},"end":{"line":12,"column":42}},"6":{"start":{"line":13,"column":4},"end":{"line":13,"column":57}},"7":{"start":{"line":17,"column":0},"end":{"line":46,"column":2}},"8":{"start":{"line":39,"column":8},"end":{"line":39,"column":36}},"9":{"start":{"line":42,"column":8},"end":{"line":42,"column":66}},"10":{"start":{"line":42,"column":38},"end":{"line":42,"column":66}},"11":{"start":{"line":48,"column":0},"end":{"line":48,"column":22}}},"fnMap":{"0":{"name":"(anonymous_0)","decl":{"start":{"line":6,"column":2},"end":{"line":6,"column":3}},"loc":{"start":{"line":6,"column":31},"end":{"line":8,"column":3}},"line":6},"1":{"name":"(anonymous_1)","decl":{"start":{"line":10,"column":2},"end":{"line":10,"column":3}},"loc":{"start":{"line":10,"column":25},"end":{"line":14,"column":3}},"line":10},"2":{"name":"(anonymous_2)","decl":{"start":{"line":38,"column":20},"end":{"line":38,"column":21}},"loc":{"start":{"line":38,"column":36},"end":{"line":40,"column":7}},"line":38},"3":{"name":"(anonymous_3)","decl":{"start":{"line":41,"column":20},"end":{"line":41,"column":21}},"loc":{"start":{"line":41,"column":36},"end":{"line":43,"column":7}},"line":41}},"branchMap":{"0":{"loc":{"start":{"line":11,"column":4},"end":{"line":12,"column":42}},"type":"if","locations":[{"start":{"line":11,"column":4},"end":{"line":12,"column":42}},{"start":{},"end":{}}],"line":11},"1":{"loc":{"start":{"line":11,"column":8},"end":{"line":11,"column":50}},"type":"binary-expr","locations":[{"start":{"line":11,"column":8},"end":{"line":11,"column":22}},{"start":{"line":11,"column":26},"end":{"line":11,"column":50}}],"line":11},"2":{"loc":{"start":{"line":42,"column":8},"end":{"line":42,"column":66}},"type":"if","locations":[{"start":{"line":42,"column":8},"end":{"line":42,"column":66}},{"start":{},"end":{}}],"line":42}},"s":{"0":2,"1":2,"2":2,"3":2,"4":15,"5":0,"6":15,"7":2,"8":15,"9":1,"10":0,"11":2},"f":{"0":2,"1":15,"2":15,"3":1},"b":{"0":[0,15],"1":[15,15],"2":[0,1]},"_coverageSchema":"1a1c01bbd47fc00a2c39e90264f33305004495a9","hash":"bef6f64ef8de75301cc8bfb30e44cef444ce8543"}
,"/Users/argenisjosegonzalezgarcia/Documents/think-us-backend/src/models/userRole.model.js": {"path":"/Users/argenisjosegonzalezgarcia/Documents/think-us-backend/src/models/userRole.model.js","statementMap":{"0":{"start":{"line":1,"column":29},"end":{"line":1,"column":49}},"1":{"start":{"line":2,"column":22},"end":{"line":2,"column":47}},"2":{"start":{"line":6,"column":0},"end":{"line":26,"column":2}},"3":{"start":{"line":28,"column":0},"end":{"line":28,"column":26}}},"fnMap":{},"branchMap":{},"s":{"0":2,"1":2,"2":2,"3":2},"f":{},"b":{},"_coverageSchema":"1a1c01bbd47fc00a2c39e90264f33305004495a9","hash":"d80dd4180c8a1edf48265fe600d54481cad6d0eb"}
,"/Users/argenisjosegonzalezgarcia/Documents/think-us-backend/src/utils/jwt.js": {"path":"/Users/argenisjosegonzalezgarcia/Documents/think-us-backend/src/utils/jwt.js","statementMap":{"0":{"start":{"line":1,"column":12},"end":{"line":1,"column":35}},"1":{"start":{"line":4,"column":2},"end":{"line":4,"column":66}},"2":{"start":{"line":5,"column":23},"end":{"line":5,"column":58}},"3":{"start":{"line":8,"column":2},"end":{"line":8,"column":70}},"4":{"start":{"line":12,"column":2},"end":{"line":16,"column":3}},"5":{"start":{"line":13,"column":4},"end":{"line":13,"column":41}},"6":{"start":{"line":15,"column":4},"end":{"line":15,"column":49}},"7":{"start":{"line":19,"column":0},"end":{"line":22,"column":2}}},"fnMap":{"0":{"name":"generateToken","decl":{"start":{"line":7,"column":9},"end":{"line":7,"column":22}},"loc":{"start":{"line":7,"column":32},"end":{"line":9,"column":1}},"line":7},"1":{"name":"verifyToken","decl":{"start":{"line":11,"column":9},"end":{"line":11,"column":20}},"loc":{"start":{"line":11,"column":28},"end":{"line":17,"column":1}},"line":11}},"branchMap":{"0":{"loc":{"start":{"line":4,"column":2},"end":{"line":4,"column":66}},"type":"binary-expr","locations":[{"start":{"line":4,"column":2},"end":{"line":4,"column":24}},{"start":{"line":4,"column":28},"end":{"line":4,"column":66}}],"line":4},"1":{"loc":{"start":{"line":5,"column":23},"end":{"line":5,"column":58}},"type":"binary-expr","locations":[{"start":{"line":5,"column":23},"end":{"line":5,"column":49}},{"start":{"line":5,"column":53},"end":{"line":5,"column":58}}],"line":5}},"s":{"0":3,"1":3,"2":3,"3":14,"4":9,"5":9,"6":3,"7":3},"f":{"0":14,"1":9},"b":{"0":[3,0],"1":[3,2]},"_coverageSchema":"1a1c01bbd47fc00a2c39e90264f33305004495a9","hash":"a9ad50da06306b788f38ad2166dbddd433dfcd00"}
}
