TN:
SF:src/constants/roles.js
FNF:0
FNH:0
DA:1,2
DA:6,2
LF:2
LH:2
BRF:0
BRH:0
end_of_record
TN:
SF:src/constants/solicitud.js
FNF:0
FNH:0
DA:1,2
DA:7,2
LF:2
LH:2
BRF:0
BRH:0
end_of_record
TN:
SF:src/controllers/auth.controller.js
FN:6,register
FN:85,(anonymous_1)
FN:95,login
FN:156,(anonymous_3)
FNF:4
FNH:3
FNDA:4,register
FNDA:1,(anonymous_1)
FNDA:3,login
FNDA:0,(anonymous_3)
DA:1,1
DA:2,1
DA:3,1
DA:4,1
DA:7,4
DA:8,4
DA:10,4
DA:11,1
DA:12,1
DA:17,3
DA:18,1
DA:19,1
DA:22,2
DA:23,0
DA:24,0
DA:31,2
DA:33,2
DA:36,2
DA:37,1
DA:38,1
DA:41,1
DA:51,1
DA:54,1
DA:55,1
DA:58,1
DA:70,1
DA:75,1
DA:76,1
DA:85,1
DA:90,0
DA:91,0
DA:96,3
DA:97,3
DA:99,3
DA:100,0
DA:101,0
DA:106,3
DA:107,0
DA:108,0
DA:111,3
DA:113,3
DA:125,3
DA:126,1
DA:127,1
DA:130,2
DA:131,2
DA:132,1
DA:133,1
DA:136,1
DA:137,0
DA:138,0
DA:141,1
DA:146,1
DA:147,1
DA:156,0
DA:161,0
DA:162,0
DA:166,1
LF:58
LH:45
BRDA:10,0,0,1
BRDA:10,0,1,3
BRDA:10,1,0,4
BRDA:10,1,1,4
BRDA:10,1,2,3
BRDA:10,1,3,3
BRDA:17,2,0,1
BRDA:17,2,1,2
BRDA:22,3,0,0
BRDA:22,3,1,2
BRDA:36,4,0,1
BRDA:36,4,1,1
BRDA:54,5,0,1
BRDA:54,5,1,0
BRDA:99,6,0,0
BRDA:99,6,1,3
BRDA:99,7,0,3
BRDA:99,7,1,3
BRDA:106,8,0,0
BRDA:106,8,1,3
BRDA:125,9,0,1
BRDA:125,9,1,2
BRDA:131,10,0,1
BRDA:131,10,1,1
BRDA:136,11,0,0
BRDA:136,11,1,1
BRF:26
BRH:21
end_of_record
TN:
SF:src/database/db.js
FN:32,connectDB
FNF:1
FNH:0
FNDA:0,connectDB
DA:1,2
DA:2,2
DA:3,2
DA:5,2
DA:6,2
DA:10,2
DA:12,2
DA:18,0
DA:20,0
DA:33,0
DA:34,0
DA:35,0
DA:37,0
DA:38,0
DA:42,2
LF:15
LH:8
BRDA:10,0,0,2
BRDA:10,0,1,0
BRDA:18,1,0,0
BRDA:18,1,1,0
BRDA:18,2,0,0
BRDA:18,2,1,0
BRF:6
BRH:1
end_of_record
TN:
SF:src/middleware/auth.middleware.js
FN:4,authenticate
FN:41,(anonymous_1)
FN:47,authorize
FN:48,(anonymous_3)
FN:52,(anonymous_4)
FNF:5
FNH:5
FNDA:7,authenticate
FNDA:4,(anonymous_1)
FNDA:3,authorize
FNDA:3,(anonymous_3)
FNDA:3,(anonymous_4)
DA:1,1
DA:2,1
DA:5,7
DA:7,7
DA:8,1
DA:11,6
DA:13,6
DA:14,0
DA:17,6
DA:19,5
DA:30,5
DA:31,0
DA:34,5
DA:35,1
DA:38,4
DA:41,4
DA:44,4
DA:48,3
DA:49,3
DA:51,3
DA:52,3
DA:54,3
DA:55,1
DA:60,1
LF:24
LH:22
BRDA:7,0,0,1
BRDA:7,0,1,6
BRDA:13,1,0,0
BRDA:13,1,1,6
BRDA:30,2,0,0
BRDA:30,2,1,5
BRDA:34,3,0,1
BRDA:34,3,1,4
BRDA:54,4,0,1
BRDA:54,4,1,2
BRF:10
BRH:8
end_of_record
TN:
SF:src/models/employee.model.js
FNF:0
FNH:0
DA:1,2
DA:2,2
DA:6,2
DA:21,2
LF:4
LH:4
BRF:0
BRH:0
end_of_record
TN:
SF:src/models/index.js
FNF:0
FNH:0
DA:1,2
DA:2,2
DA:3,2
DA:4,2
DA:5,2
DA:6,2
DA:8,2
DA:14,2
DA:20,2
DA:26,2
DA:31,2
LF:11
LH:11
BRF:0
BRH:0
end_of_record
TN:
SF:src/models/role.model.js
FNF:0
FNH:0
DA:1,2
DA:2,2
DA:6,2
DA:18,2
LF:4
LH:4
BRF:0
BRH:0
end_of_record
TN:
SF:src/models/solicitud.model.js
FNF:0
FNH:0
DA:1,2
DA:2,2
DA:3,2
DA:7,2
DA:36,2
LF:5
LH:5
BRF:0
BRH:0
end_of_record
TN:
SF:src/models/user.model.js
FN:6,(anonymous_0)
FN:10,(anonymous_1)
FN:38,(anonymous_2)
FN:41,(anonymous_3)
FNF:4
FNH:4
FNDA:2,(anonymous_0)
FNDA:15,(anonymous_1)
FNDA:15,(anonymous_2)
FNDA:1,(anonymous_3)
DA:1,2
DA:2,2
DA:3,2
DA:7,2
DA:11,15
DA:12,0
DA:13,15
DA:17,2
DA:39,15
DA:42,1
DA:48,2
LF:11
LH:10
BRDA:11,0,0,0
BRDA:11,0,1,15
BRDA:11,1,0,15
BRDA:11,1,1,15
BRDA:42,2,0,0
BRDA:42,2,1,1
BRF:6
BRH:4
end_of_record
TN:
SF:src/models/userRole.model.js
FNF:0
FNH:0
DA:1,2
DA:2,2
DA:6,2
DA:28,2
LF:4
LH:4
BRF:0
BRH:0
end_of_record
TN:
SF:src/utils/jwt.js
FN:7,generateToken
FN:11,verifyToken
FNF:2
FNH:2
FNDA:14,generateToken
FNDA:9,verifyToken
DA:1,3
DA:4,3
DA:5,3
DA:8,14
DA:12,9
DA:13,9
DA:15,3
DA:19,3
LF:8
LH:8
BRDA:4,0,0,3
BRDA:4,0,1,0
BRDA:5,1,0,3
BRDA:5,1,1,2
BRF:4
BRH:3
end_of_record
